<?xml version="1.0" encoding="UTF-8"?>
<!-- Generated by org.testng.reporters.JUnitXMLReporter -->
<testsuite ignored="6" hostname="DESKTOP-QQLD7O3" failures="0" tests="9" name="Default test" time="18.067" errors="0" timestamp="2022-06-03T17:10:39 CEST">
  <testcase classname="com.qa.wk.testcases.TodosPageTestCases" name="verifyEditTodos" time="0.434"/>
  <testcase classname="com.qa.wk.testcases.TodosPageTestCases" name="verifyEditTodos" time="0.446"/>
  <testcase classname="com.qa.wk.testcases.TodosPageTestCases" name="verifyEditTodos" time="0.432"/>
  <testcase classname="com.qa.wk.testcases.TodosPageTestCases" name="verifyEditTodos" time="0.452"/>
  <testcase classname="com.qa.wk.testcases.TodosPageTestCases" name="verifyEditTodos" time="0.431"/>
  <testcase classname="com.qa.wk.testcases.TodosPageTestCases" name="verifyEditTodos" time="0.417"/>
  <testcase classname="com.qa.wk.testcases.TodosPageTestCases" name="verifyEditTodos" time="0.444"/>
  <testcase classname="com.qa.wk.testcases.TodosPageTestCases" name="verifyEditTodos" time="0.457"/>
  <testcase classname="com.qa.wk.testcases.TodosPageTestCases" name="verifyEditTodos" time="0.421"/>
  <testcase classname="com.qa.wk.testcases.TodosPageTestCases" name="verifyHeadTitleOfPage" time="0.0">
    <ignored/>
  </testcase> <!-- verifyHeadTitleOfPage -->
  <testcase classname="com.qa.wk.testcases.TodosPageTestCases" name="verifyTitleOfPage" time="0.0">
    <ignored/>
  </testcase> <!-- verifyTitleOfPage -->
  <testcase classname="com.qa.wk.testcases.TodosPageTestCases" name="verifyTodosData" time="0.0">
    <ignored/>
  </testcase> <!-- verifyTodosData -->
  <testcase classname="com.qa.wk.testcases.TodosPageTestCases" name="verifyClearTodosCross" time="0.0">
    <ignored/>
  </testcase> <!-- verifyClearTodosCross -->
  <testcase classname="com.qa.wk.testcases.TodosPageTestCases" name="verifyLinksOfpage" time="0.0">
    <ignored/>
  </testcase> <!-- verifyLinksOfpage -->
  <testcase classname="com.qa.wk.testcases.TodosPageTestCases" name="verifyClearTodoDataCheckbox" time="0.0">
    <ignored/>
  </testcase> <!-- verifyClearTodoDataCheckbox -->
</testsuite> <!-- Default test -->
