<?xml version="1.0" encoding="UTF-8"?>
<!-- Generated by org.testng.reporters.JUnitXMLReporter -->
<testsuite ignored="0" hostname="DESKTOP-QQLD7O3" failures="0" tests="9" name="Test" time="106.832" errors="0" timestamp="2022-06-03T17:19:43 CEST">
  <testcase classname="com.qa.wk.testcases.TodosPageTestCases" name="verifyTitleOfPage" time="0.041"/>
  <testcase classname="com.qa.wk.testcases.TodosPageTestCases" name="verifyHeadTitleOfPage" time="0.128"/>
  <testcase classname="com.qa.wk.testcases.TodosPageTestCases" name="verifyLinksOfpage" time="4.969"/>
  <testcase classname="com.qa.wk.testcases.TodosPageTestCases" name="verifyTodosData" time="0.443"/>
  <testcase classname="com.qa.wk.testcases.TodosPageTestCases" name="verifyTodosData" time="0.368"/>
  <testcase classname="com.qa.wk.testcases.TodosPageTestCases" name="verifyClearTodoDataCheckbox" time="20.358"/>
  <testcase classname="com.qa.wk.testcases.TodosPageTestCases" name="verifyClearTodoDataCheckbox" time="20.34"/>
  <testcase classname="com.qa.wk.testcases.TodosPageTestCases" name="verifyClearTodosCross" time="20.515"/>
  <testcase classname="com.qa.wk.testcases.TodosPageTestCases" name="verifyClearTodosCross" time="20.439"/>
</testsuite> <!-- Test -->
