<?xml version="1.0" encoding="UTF-8"?>
<testng-results ignored="0" total="9" passed="9" failed="0" skipped="0">
  <reporter-output>
  </reporter-output>
  <suite started-at="2022-06-03T17:17:56 CEST" name="Suite" finished-at="2022-06-03T17:19:43 CEST" duration-ms="106832">
    <groups>
    </groups>
    <test started-at="2022-06-03T17:17:56 CEST" name="Test" finished-at="2022-06-03T17:19:43 CEST" duration-ms="106832">
      <class name="com.qa.wk.testcases.TodosPageTestCases">
        <test-method is-config="true" signature="setUp()[pri:0, instance:com.qa.wk.testcases.TodosPageTestCases@459e9125]" started-at="2022-06-03T17:17:56 CEST" name="setUp" finished-at="2022-06-03T17:17:59 CEST" duration-ms="2394" status="PASS">
          <reporter-output>
          </reporter-output>
        </test-method> <!-- setUp -->
        <test-method signature="verifyTitleOfPage()[pri:1, instance:com.qa.wk.testcases.TodosPageTestCases@459e9125]" started-at="2022-06-03T17:17:59 CEST" name="verifyTitleOfPage" finished-at="2022-06-03T17:17:59 CEST" duration-ms="41" status="PASS">
          <reporter-output>
          </reporter-output>
        </test-method> <!-- verifyTitleOfPage -->
        <test-method is-config="true" signature="tearDown()[pri:0, instance:com.qa.wk.testcases.TodosPageTestCases@459e9125]" started-at="2022-06-03T17:17:59 CEST" name="tearDown" finished-at="2022-06-03T17:18:03 CEST" duration-ms="4214" status="PASS">
          <reporter-output>
          </reporter-output>
        </test-method> <!-- tearDown -->
        <test-method is-config="true" signature="setUp()[pri:0, instance:com.qa.wk.testcases.TodosPageTestCases@459e9125]" started-at="2022-06-03T17:18:03 CEST" name="setUp" finished-at="2022-06-03T17:18:04 CEST" duration-ms="1257" status="PASS">
          <reporter-output>
          </reporter-output>
        </test-method> <!-- setUp -->
        <test-method signature="verifyHeadTitleOfPage()[pri:2, instance:com.qa.wk.testcases.TodosPageTestCases@459e9125]" started-at="2022-06-03T17:18:04 CEST" name="verifyHeadTitleOfPage" finished-at="2022-06-03T17:18:04 CEST" duration-ms="128" status="PASS">
          <reporter-output>
          </reporter-output>
        </test-method> <!-- verifyHeadTitleOfPage -->
        <test-method is-config="true" signature="tearDown()[pri:0, instance:com.qa.wk.testcases.TodosPageTestCases@459e9125]" started-at="2022-06-03T17:18:04 CEST" name="tearDown" finished-at="2022-06-03T17:18:05 CEST" duration-ms="212" status="PASS">
          <reporter-output>
          </reporter-output>
        </test-method> <!-- tearDown -->
        <test-method is-config="true" signature="setUp()[pri:0, instance:com.qa.wk.testcases.TodosPageTestCases@459e9125]" started-at="2022-06-03T17:18:05 CEST" name="setUp" finished-at="2022-06-03T17:18:06 CEST" duration-ms="1200" status="PASS">
          <reporter-output>
          </reporter-output>
        </test-method> <!-- setUp -->
        <test-method signature="verifyLinksOfpage()[pri:3, instance:com.qa.wk.testcases.TodosPageTestCases@459e9125]" started-at="2022-06-03T17:18:06 CEST" name="verifyLinksOfpage" finished-at="2022-06-03T17:18:11 CEST" duration-ms="4969" status="PASS">
          <reporter-output>
          </reporter-output>
        </test-method> <!-- verifyLinksOfpage -->
        <test-method is-config="true" signature="tearDown()[pri:0, instance:com.qa.wk.testcases.TodosPageTestCases@459e9125]" started-at="2022-06-03T17:18:11 CEST" name="tearDown" finished-at="2022-06-03T17:18:11 CEST" duration-ms="263" status="PASS">
          <reporter-output>
          </reporter-output>
        </test-method> <!-- tearDown -->
        <test-method is-config="true" signature="setUp()[pri:0, instance:com.qa.wk.testcases.TodosPageTestCases@459e9125]" started-at="2022-06-03T17:18:12 CEST" name="setUp" finished-at="2022-06-03T17:18:13 CEST" duration-ms="1160" status="PASS">
          <reporter-output>
          </reporter-output>
        </test-method> <!-- setUp -->
        <test-method signature="verifyTodosData(java.lang.String)[pri:4, instance:com.qa.wk.testcases.TodosPageTestCases@459e9125]" started-at="2022-06-03T17:18:13 CEST" name="verifyTodosData" data-provider="getTestDataTodos" finished-at="2022-06-03T17:18:13 CEST" duration-ms="443" status="PASS">
          <params>
            <param index="0">
              <value>
                <![CDATA[Selenium]]>
              </value>
            </param>
          </params>
          <reporter-output>
          </reporter-output>
        </test-method> <!-- verifyTodosData -->
        <test-method is-config="true" signature="tearDown()[pri:0, instance:com.qa.wk.testcases.TodosPageTestCases@459e9125]" started-at="2022-06-03T17:18:13 CEST" name="tearDown" finished-at="2022-06-03T17:18:14 CEST" duration-ms="182" status="PASS">
          <reporter-output>
          </reporter-output>
        </test-method> <!-- tearDown -->
        <test-method is-config="true" signature="setUp()[pri:0, instance:com.qa.wk.testcases.TodosPageTestCases@459e9125]" started-at="2022-06-03T17:18:14 CEST" name="setUp" finished-at="2022-06-03T17:18:15 CEST" duration-ms="1240" status="PASS">
          <reporter-output>
          </reporter-output>
        </test-method> <!-- setUp -->
        <test-method signature="verifyTodosData(java.lang.String)[pri:4, instance:com.qa.wk.testcases.TodosPageTestCases@459e9125]" started-at="2022-06-03T17:18:15 CEST" name="verifyTodosData" data-provider="getTestDataTodos" finished-at="2022-06-03T17:18:15 CEST" duration-ms="368" status="PASS">
          <params>
            <param index="0">
              <value>
                <![CDATA[java]]>
              </value>
            </param>
          </params>
          <reporter-output>
          </reporter-output>
        </test-method> <!-- verifyTodosData -->
        <test-method is-config="true" signature="tearDown()[pri:0, instance:com.qa.wk.testcases.TodosPageTestCases@459e9125]" started-at="2022-06-03T17:18:15 CEST" name="tearDown" finished-at="2022-06-03T17:18:15 CEST" duration-ms="189" status="PASS">
          <reporter-output>
          </reporter-output>
        </test-method> <!-- tearDown -->
        <test-method is-config="true" signature="setUp()[pri:0, instance:com.qa.wk.testcases.TodosPageTestCases@459e9125]" started-at="2022-06-03T17:18:15 CEST" name="setUp" finished-at="2022-06-03T17:18:17 CEST" duration-ms="1233" status="PASS">
          <reporter-output>
          </reporter-output>
        </test-method> <!-- setUp -->
        <test-method signature="verifyClearTodoDataCheckbox(java.lang.String)[pri:5, instance:com.qa.wk.testcases.TodosPageTestCases@459e9125]" started-at="2022-06-03T17:18:17 CEST" name="verifyClearTodoDataCheckbox" data-provider="getTestDataTodos" finished-at="2022-06-03T17:18:37 CEST" duration-ms="20358" status="PASS">
          <params>
            <param index="0">
              <value>
                <![CDATA[Selenium]]>
              </value>
            </param>
          </params>
          <reporter-output>
          </reporter-output>
        </test-method> <!-- verifyClearTodoDataCheckbox -->
        <test-method is-config="true" signature="tearDown()[pri:0, instance:com.qa.wk.testcases.TodosPageTestCases@459e9125]" started-at="2022-06-03T17:18:37 CEST" name="tearDown" finished-at="2022-06-03T17:18:37 CEST" duration-ms="272" status="PASS">
          <reporter-output>
          </reporter-output>
        </test-method> <!-- tearDown -->
        <test-method is-config="true" signature="setUp()[pri:0, instance:com.qa.wk.testcases.TodosPageTestCases@459e9125]" started-at="2022-06-03T17:18:37 CEST" name="setUp" finished-at="2022-06-03T17:18:38 CEST" duration-ms="1259" status="PASS">
          <reporter-output>
          </reporter-output>
        </test-method> <!-- setUp -->
        <test-method signature="verifyClearTodoDataCheckbox(java.lang.String)[pri:5, instance:com.qa.wk.testcases.TodosPageTestCases@459e9125]" started-at="2022-06-03T17:18:38 CEST" name="verifyClearTodoDataCheckbox" data-provider="getTestDataTodos" finished-at="2022-06-03T17:18:59 CEST" duration-ms="20340" status="PASS">
          <params>
            <param index="0">
              <value>
                <![CDATA[java]]>
              </value>
            </param>
          </params>
          <reporter-output>
          </reporter-output>
        </test-method> <!-- verifyClearTodoDataCheckbox -->
        <test-method is-config="true" signature="tearDown()[pri:0, instance:com.qa.wk.testcases.TodosPageTestCases@459e9125]" started-at="2022-06-03T17:18:59 CEST" name="tearDown" finished-at="2022-06-03T17:18:59 CEST" duration-ms="222" status="PASS">
          <reporter-output>
          </reporter-output>
        </test-method> <!-- tearDown -->
        <test-method is-config="true" signature="setUp()[pri:0, instance:com.qa.wk.testcases.TodosPageTestCases@459e9125]" started-at="2022-06-03T17:18:59 CEST" name="setUp" finished-at="2022-06-03T17:19:00 CEST" duration-ms="1252" status="PASS">
          <reporter-output>
          </reporter-output>
        </test-method> <!-- setUp -->
        <test-method signature="verifyClearTodosCross(java.lang.String)[pri:6, instance:com.qa.wk.testcases.TodosPageTestCases@459e9125]" started-at="2022-06-03T17:19:00 CEST" name="verifyClearTodosCross" data-provider="getTestDataTodos" finished-at="2022-06-03T17:19:21 CEST" duration-ms="20515" status="PASS">
          <params>
            <param index="0">
              <value>
                <![CDATA[Selenium]]>
              </value>
            </param>
          </params>
          <reporter-output>
          </reporter-output>
        </test-method> <!-- verifyClearTodosCross -->
        <test-method is-config="true" signature="tearDown()[pri:0, instance:com.qa.wk.testcases.TodosPageTestCases@459e9125]" started-at="2022-06-03T17:19:21 CEST" name="tearDown" finished-at="2022-06-03T17:19:21 CEST" duration-ms="250" status="PASS">
          <reporter-output>
          </reporter-output>
        </test-method> <!-- tearDown -->
        <test-method is-config="true" signature="setUp()[pri:0, instance:com.qa.wk.testcases.TodosPageTestCases@459e9125]" started-at="2022-06-03T17:19:21 CEST" name="setUp" finished-at="2022-06-03T17:19:22 CEST" duration-ms="1289" status="PASS">
          <reporter-output>
          </reporter-output>
        </test-method> <!-- setUp -->
        <test-method signature="verifyClearTodosCross(java.lang.String)[pri:6, instance:com.qa.wk.testcases.TodosPageTestCases@459e9125]" started-at="2022-06-03T17:19:22 CEST" name="verifyClearTodosCross" data-provider="getTestDataTodos" finished-at="2022-06-03T17:19:43 CEST" duration-ms="20439" status="PASS">
          <params>
            <param index="0">
              <value>
                <![CDATA[java]]>
              </value>
            </param>
          </params>
          <reporter-output>
          </reporter-output>
        </test-method> <!-- verifyClearTodosCross -->
        <test-method is-config="true" signature="tearDown()[pri:0, instance:com.qa.wk.testcases.TodosPageTestCases@459e9125]" started-at="2022-06-03T17:19:43 CEST" name="tearDown" finished-at="2022-06-03T17:19:43 CEST" duration-ms="247" status="PASS">
          <reporter-output>
          </reporter-output>
        </test-method> <!-- tearDown -->
      </class> <!-- com.qa.wk.testcases.TodosPageTestCases -->
    </test> <!-- Test -->
  </suite> <!-- Suite -->
</testng-results>
